[INFO] hi
[INFO] hi
[INFO] got it
[INFO] got it
[INFO] got it
[INFO] hi
[INFO] got it: q

[INFO] got it: q

[INFO] got it: q

[INFO] got it: q

[INFO] got it: q

[INFO] hi
[INFO] got it: q
[INFO] hi
[INFO] got it: q
[INFO] hi
[INFO] got it: p
[INFO] got it: q
[INFO] hi
[INFO] hi
[INFO] hi
[INFO] hi
[INFO] hi
[INFO] hi
[INFO] hi
[DEBUG] Key stroke: ''
[DEBUG] Key stroke: ''
[DEBUG] Key stroke: ''
[DEBUG] Key stroke: 's'
[DEBUG] Key stroke: 's'
[DEBUG] Key stroke: 's'
[DEBUG] Key stroke: 'i'
[DEBUG] Key stroke: 'm'
[DEBUG] Key stroke: 'p'
[DEBUG] Key stroke: 'l'
[DEBUG] Key stroke: 'e'
[DEBUG] Key stroke: 'm'
[DEBUG] Key stroke: 'e'
[DEBUG] Key stroke: 'n'
[DEBUG] Key stroke: 't'
[DEBUG] Key stroke: 'a'
[DEBUG] Key stroke: 't'
[DEBUG] Key stroke: 'i'
[DEBUG] Key stroke: 'o'
[DEBUG] Key stroke: 'n'
[INFO] hi
[INFO] hi
[INFO] hi
[INFO] hi
